#
# There is insufficient memory for the Java Runtime Environment to continue.
# Native memory allocation (mmap) failed to map 167772160 bytes for committing reserved memory.
# Possible reasons:
#   The system is out of physical RAM or swap space
#   In 32 bit mode, the process size limit was hit
# Possible solutions:
#   Reduce memory load on the system
#   Increase physical memory or swap space
#   Check if swap backing store is full
#   Use 64 bit Java on a 64 bit OS
#   Decrease Java heap size (-Xmx/-Xms)
#   Decrease number of Java threads
#   Decrease Java thread stack sizes (-Xss)
#   Set larger code cache with -XX:ReservedCodeCacheSize=
# This output file may be truncated or incomplete.
#
#  Out of Memory Error (os_linux.cpp:2673), pid=27928, tid=139911145305856
#
# JRE version: OpenJDK Runtime Environment (8.0_45-b13) (build 1.8.0_45-b13)
# Java VM: OpenJDK 64-Bit Server VM (25.45-b02 mixed mode linux-amd64 compressed oops)
# Failed to write core dump. Core dumps have been disabled. To enable core dumping, try "ulimit -c unlimited" before starting Java again
#

---------------  T H R E A D  ---------------

Current thread (0x00007f3fb0090000):  VMThread [stack: 0x00007f3f9a0db000,0x00007f3f9a1dc000] [id=27937]

Stack: [0x00007f3f9a0db000,0x00007f3f9a1dc000],  sp=0x00007f3f9a1da4b0,  free space=1021k
Native frames: (J=compiled Java code, j=interpreted, Vv=VM code, C=native code)
V  [libjvm.so+0xa0d15d]
V  [libjvm.so+0x4aa8bc]
V  [libjvm.so+0x86dce0]
V  [libjvm.so+0x86846e]
V  [libjvm.so+0x8dad5b]
V  [libjvm.so+0x8cb38a]
V  [libjvm.so+0x8cb563]
V  [libjvm.so+0x8cbe98]
V  [libjvm.so+0x8d1884]
V  [libjvm.so+0x8d8bbd]
V  [libjvm.so+0x891043]
V  [libjvm.so+0xa0ebd2]
V  [libjvm.so+0xa130f7]
V  [libjvm.so+0xa1189c]
V  [libjvm.so+0xa11f26]
V  [libjvm.so+0xa12411]
V  [libjvm.so+0x86b19a]

VM_Operation (0x00007f3fb6fde770): ParallelGCFailedAllocation, mode: safepoint, requested by thread 0x00007f3fb0014800


---------------  P R O C E S S  ---------------

Java Threads: ( => current thread )
  0x00007f3fb00fc800 JavaThread "Service Thread" daemon [_thread_blocked, id=27952, stack(0x00007f3f994cc000,0x00007f3f995cd000)]
  0x00007f3fb00e9000 JavaThread "C1 CompilerThread2" daemon [_thread_blocked, id=27951, stack(0x00007f3f995cd000,0x00007f3f996ce000)]
  0x00007f3fb00e7000 JavaThread "C2 CompilerThread1" daemon [_thread_blocked, id=27950, stack(0x00007f3f996ce000,0x00007f3f997cf000)]
  0x00007f3fb00e4000 JavaThread "C2 CompilerThread0" daemon [_thread_blocked, id=27949, stack(0x00007f3f997cf000,0x00007f3f998d0000)]
  0x00007f3f78001000 JavaThread "JDWP Command Reader" daemon [_thread_in_native, id=27944, stack(0x00007f3f998d0000,0x00007f3f999d1000)]
  0x00007f3fb00e2000 JavaThread "JDWP Event Helper Thread" daemon [_thread_blocked, id=27943, stack(0x00007f3f999d1000,0x00007f3f99ad2000)]
  0x00007f3fb00de800 JavaThread "JDWP Transport Listener: dt_socket" daemon [_thread_blocked, id=27941, stack(0x00007f3f99ad2000,0x00007f3f99bd3000)]
  0x00007f3fb00c7800 JavaThread "Signal Dispatcher" daemon [_thread_blocked, id=27940, stack(0x00007f3f99dd8000,0x00007f3f99ed9000)]
  0x00007f3fb0097800 JavaThread "Finalizer" daemon [_thread_blocked, id=27939, stack(0x00007f3f99ed9000,0x00007f3f99fda000)]
  0x00007f3fb0095800 JavaThread "Reference Handler" daemon [_thread_blocked, id=27938, stack(0x00007f3f99fda000,0x00007f3f9a0db000)]
  0x00007f3fb0014800 JavaThread "main" [_thread_blocked, id=27932, stack(0x00007f3fb6edf000,0x00007f3fb6fe0000)]

Other Threads:
=>0x00007f3fb0090000 VMThread [stack: 0x00007f3f9a0db000,0x00007f3f9a1dc000] [id=27937]
  0x00007f3fb0111000 WatcherThread [stack: 0x00007f3f993cb000,0x00007f3f994cc000] [id=27953]

VM state:at safepoint (normal execution)

VM Mutex/Monitor currently owned by a thread:  ([mutex/lock_event])
[0x00007f3fb0011690] ExpandHeap_lock - owner thread: 0x00007f3fb0090000
[0x00007f3fb0011d10] Threads_lock - owner thread: 0x00007f3fb0090000
[0x00007f3fb0012210] Heap_lock - owner thread: 0x00007f3fb0014800

Heap:
 PSYoungGen      total 340480K, used 0K [0x00000000d6f00000, 0x00000000f5500000, 0x0000000100000000)
  eden space 188416K, 0% used [0x00000000d6f00000,0x00000000d6f00000,0x00000000e2700000)
  from space 152064K, 0% used [0x00000000ebe80000,0x00000000ebe80000,0x00000000f5300000)
  to   space 154624K, 13% used [0x00000000e2700000,0x00000000e3b775c8,0x00000000ebe00000)
 ParOldGen       total 526336K, used 525944K [0x0000000084c00000, 0x00000000a4e00000, 0x00000000d6f00000)
  object space 526336K, 99% used [0x0000000084c00000,0x00000000a4d9e210,0x00000000a4e00000)
 Metaspace       used 2837K, capacity 4486K, committed 4864K, reserved 1056768K
  class space    used 263K, capacity 386K, committed 512K, reserved 1048576K

Card table byte_map: [0x00007f3fa024b000,0x00007f3fa0626000] byte_map_base: 0x00007f3f9fe25000

Marking Bits: (ParMarkBitMap*) 0x00007f3fb61c0d80
 Begin Bits: [0x00007f3f9bf16000, 0x00007f3f9dde6000)
 End Bits:   [0x00007f3f9dde6000, 0x00007f3f9fcb6000)

Polling page: 0x00007f3fb6fff000

CodeCache: size=245760Kb used=1548Kb max_used=1566Kb free=244212Kb
 bounds [0x00007f3fa09e6000, 0x00007f3fa0c56000, 0x00007f3faf9e6000]
 total_blobs=363 nmethods=133 adapters=154
 compilation: enabled

Compilation events (10 events):
Event: 2.867 Thread 0x00007f3fb00e4000  129       4       ua.pp.msk.yum.speedup.Main::add (89 bytes)
Event: 2.868 Thread 0x00007f3fb00e7000  130       4       java.lang.StringBuilder::append (8 bytes)
Event: 2.868 Thread 0x00007f3fb00e7000 nmethod 130 0x00007f3fa0b1e610 code [0x00007f3fa0b1e760, 0x00007f3fa0b1e7e8]
Event: 2.894 Thread 0x00007f3fb00e4000 nmethod 129 0x00007f3fa0b5f750 code [0x00007f3fa0b5fa00, 0x00007f3fa0b609c0]
Event: 4.073 Thread 0x00007f3fb00e7000  131       4       sun.misc.FDBigInteger::leftShift (395 bytes)
Event: 4.079 Thread 0x00007f3fb00e7000 nmethod 131 0x00007f3fa0b5d490 code [0x00007f3fa0b5d600, 0x00007f3fa0b5d9b8]
Event: 6.538 Thread 0x00007f3fb00e4000  132       4       sun.misc.FDBigInteger::valueOfMulPow52 (449 bytes)
Event: 6.542 Thread 0x00007f3fb00e4000 nmethod 132 0x00007f3fa0b5ef50 code [0x00007f3fa0b5f0c0, 0x00007f3fa0b5f4d8]
Event: 74.126 Thread 0x00007f3fb00e4000  133       4       java.util.Arrays::copyOf (19 bytes)
Event: 74.166 Thread 0x00007f3fb00e4000 nmethod 133 0x00007f3fa0b397d0 code [0x00007f3fa0b39920, 0x00007f3fa0b39ad8]

GC Heap History (10 events):
Event: 7.665 GC heap after
Heap after GC invocations=13 (full 2):
 PSYoungGen      total 257024K, used 121848K [0x00000000d6f00000, 0x00000000f5300000, 0x0000000100000000)
  eden space 135168K, 0% used [0x00000000d6f00000,0x00000000d6f00000,0x00000000df300000)
  from space 121856K, 99% used [0x00000000df300000,0x00000000e69fe200,0x00000000e6a00000)
  to   space 152064K, 0% used [0x00000000ebe80000,0x00000000ebe80000,0x00000000f5300000)
 ParOldGen       total 254464K, used 225496K [0x0000000084c00000, 0x0000000094480000, 0x00000000d6f00000)
  object space 254464K, 88% used [0x0000000084c00000,0x0000000092836070,0x0000000094480000)
 Metaspace       used 2837K, capacity 4486K, committed 4864K, reserved 1056768K
  class space    used 263K, capacity 386K, committed 512K, reserved 1048576K
}
Event: 7.665 GC heap before
{Heap before GC invocations=14 (full 3):
 PSYoungGen      total 257024K, used 121848K [0x00000000d6f00000, 0x00000000f5300000, 0x0000000100000000)
  eden space 135168K, 0% used [0x00000000d6f00000,0x00000000d6f00000,0x00000000df300000)
  from space 121856K, 99% used [0x00000000df300000,0x00000000e69fe200,0x00000000e6a00000)
  to   space 152064K, 0% used [0x00000000ebe80000,0x00000000ebe80000,0x00000000f5300000)
 ParOldGen       total 254464K, used 225496K [0x0000000084c00000, 0x0000000094480000, 0x00000000d6f00000)
  object space 254464K, 88% used [0x0000000084c00000,0x0000000092836070,0x0000000094480000)
 Metaspace       used 2837K, capacity 4486K, committed 4864K, reserved 1056768K
  class space    used 263K, capacity 386K, committed 512K, reserved 1048576K
Event: 10.639 GC heap after
Heap after GC invocations=14 (full 3):
 PSYoungGen      total 257024K, used 85372K [0x00000000d6f00000, 0x00000000f5300000, 0x0000000100000000)
  eden space 135168K, 0% used [0x00000000d6f00000,0x00000000d6f00000,0x00000000df300000)
  from space 121856K, 70% used [0x00000000df300000,0x00000000e465f370,0x00000000e6a00000)
  to   space 152064K, 0% used [0x00000000ebe80000,0x00000000ebe80000,0x00000000f5300000)
 ParOldGen       total 378880K, used 254167K [0x0000000084c00000, 0x000000009be00000, 0x00000000d6f00000)
  object space 378880K, 67% used [0x0000000084c00000,0x0000000094435c78,0x000000009be00000)
 Metaspace       used 2837K, capacity 4486K, committed 4864K, reserved 1056768K
  class space    used 263K, capacity 386K, committed 512K, reserved 1048576K
}
Event: 31.714 GC heap before
{Heap before GC invocations=15 (full 3):
 PSYoungGen      total 257024K, used 220540K [0x00000000d6f00000, 0x00000000f5300000, 0x0000000100000000)
  eden space 135168K, 100% used [0x00000000d6f00000,0x00000000df300000,0x00000000df300000)
  from space 121856K, 70% used [0x00000000df300000,0x00000000e465f370,0x00000000e6a00000)
  to   space 152064K, 0% used [0x00000000ebe80000,0x00000000ebe80000,0x00000000f5300000)
 ParOldGen       total 378880K, used 254167K [0x0000000084c00000, 0x000000009be00000, 0x00000000d6f00000)
  object space 378880K, 67% used [0x0000000084c00000,0x0000000094435c78,0x000000009be00000)
 Metaspace       used 2837K, capacity 4486K, committed 4864K, reserved 1056768K
  class space    used 263K, capacity 386K, committed 512K, reserved 1048576K
Event: 74.041 GC heap after
Heap after GC invocations=15 (full 3):
 PSYoungGen      total 340480K, used 91488K [0x00000000d6f00000, 0x00000000f5500000, 0x0000000100000000)
  eden space 188416K, 0% used [0x00000000d6f00000,0x00000000d6f00000,0x00000000e2700000)
  from space 152064K, 60% used [0x00000000ebe80000,0x00000000f17d8000,0x00000000f5300000)
  to   space 154624K, 0% used [0x00000000e2700000,0x00000000e2700000,0x00000000ebe00000)
 ParOldGen       total 378880K, used 303687K [0x0000000084c00000, 0x000000009be00000, 0x00000000d6f00000)
  object space 378880K, 80% used [0x0000000084c00000,0x0000000097491c78,0x000000009be00000)
 Metaspace       used 2837K, capacity 4486K, committed 4864K, reserved 1056768K
  class space    used 263K, capacity 386K, committed 512K, reserved 1048576K
}
Event: 74.341 GC heap before
{Heap before GC invocations=16 (full 3):
 PSYoungGen      total 340480K, used 279904K [0x00000000d6f00000, 0x00000000f5500000, 0x0000000100000000)
  eden space 188416K, 100% used [0x00000000d6f00000,0x00000000e2700000,0x00000000e2700000)
  from space 152064K, 60% used [0x00000000ebe80000,0x00000000f17d8000,0x00000000f5300000)
  to   space 154624K, 0% used [0x00000000e2700000,0x00000000e2700000,0x00000000ebe00000)
 ParOldGen       total 378880K, used 303687K [0x0000000084c00000, 0x000000009be00000, 0x00000000d6f00000)
  object space 378880K, 80% used [0x0000000084c00000,0x0000000097491c78,0x000000009be00000)
 Metaspace       used 2837K, capacity 4486K, committed 4864K, reserved 1056768K
  class space    used 263K, capacity 386K, committed 512K, reserved 1048576K
Event: 81.831 GC heap after
Heap after GC invocations=16 (full 3):
 PSYoungGen      total 340480K, used 279904K [0x00000000d6f00000, 0x00000000f5500000, 0x0000000100000000)
  eden space 188416K, 100% used [0x00000000d6f00000,0x00000000e2700000,0x00000000e2700000)
  from space 152064K, 60% used [0x00000000ebe80000,0x00000000f17d8000,0x00000000f5300000)
  to   space 154624K, 59% used [0x00000000e2700000,0x00000000e80212f0,0x00000000ebe00000)
 ParOldGen       total 394752K, used 393487K [0x0000000084c00000, 0x000000009cd80000, 0x00000000d6f00000)
  object space 394752K, 99% used [0x0000000084c00000,0x000000009cc43c78,0x000000009cd80000)
 Metaspace       used 2837K, capacity 4486K, committed 4864K, reserved 1056768K
  class space    used 263K, capacity 386K, committed 512K, reserved 1048576K
}
Event: 81.831 GC heap before
{Heap before GC invocations=17 (full 4):
 PSYoungGen      total 340480K, used 279904K [0x00000000d6f00000, 0x00000000f5500000, 0x0000000100000000)
  eden space 188416K, 100% used [0x00000000d6f00000,0x00000000e2700000,0x00000000e2700000)
  from space 152064K, 60% used [0x00000000ebe80000,0x00000000f17d8000,0x00000000f5300000)
  to   space 154624K, 59% used [0x00000000e2700000,0x00000000e80212f0,0x00000000ebe00000)
 ParOldGen       total 394752K, used 393487K [0x0000000084c00000, 0x000000009cd80000, 0x00000000d6f00000)
  object space 394752K, 99% used [0x0000000084c00000,0x000000009cc43c78,0x000000009cd80000)
 Metaspace       used 2837K, capacity 4486K, committed 4864K, reserved 1056768K
  class space    used 263K, capacity 386K, committed 512K, reserved 1048576K
Event: 83.945 GC heap after
Heap after GC invocations=17 (full 4):
 PSYoungGen      total 340480K, used 0K [0x00000000d6f00000, 0x00000000f5500000, 0x0000000100000000)
  eden space 188416K, 0% used [0x00000000d6f00000,0x00000000d6f00000,0x00000000e2700000)
  from space 152064K, 0% used [0x00000000ebe80000,0x00000000ebe80000,0x00000000f5300000)
  to   space 154624K, 58% used [0x00000000e2700000,0x00000000e7ff75e8,0x00000000ebe00000)
 ParOldGen       total 526336K, used 378602K [0x0000000084c00000, 0x00000000a4e00000, 0x00000000d6f00000)
  object space 526336K, 71% used [0x0000000084c00000,0x000000009bdbaa40,0x00000000a4e00000)
 Metaspace       used 2837K, capacity 4486K, committed 4864K, reserved 1056768K
  class space    used 263K, capacity 386K, committed 512K, reserved 1048576K
}
Event: 85.907 GC heap before
{Heap before GC invocations=18 (full 5):
 PSYoungGen      total 340480K, used 188416K [0x00000000d6f00000, 0x00000000f5500000, 0x0000000100000000)
  eden space 188416K, 100% used [0x00000000d6f00000,0x00000000e2700000,0x00000000e2700000)
  from space 152064K, 0% used [0x00000000ebe80000,0x00000000ebe80000,0x00000000f5300000)
  to   space 154624K, 58% used [0x00000000e2700000,0x00000000e7ff75e8,0x00000000ebe00000)
 ParOldGen       total 526336K, used 378602K [0x0000000084c00000, 0x00000000a4e00000, 0x00000000d6f00000)
  object space 526336K, 71% used [0x0000000084c00000,0x000000009bdbaa40,0x00000000a4e00000)
 Metaspace       used 2837K, capacity 4486K, committed 4864K, reserved 1056768K
  class space    used 263K, capacity 386K, committed 512K, reserved 1048576K

Deoptimization events (6 events):
Event: 1.549 Thread 0x00007f3fb0014800 Uncommon trap: reason=unstable_if action=reinterpret pc=0x00007f3fa0b23110 method=sun.misc.FloatingDecimal$BinaryToASCIIBuffer.dtoa(IJIZ)V @ 379
Event: 1.649 Thread 0x00007f3fb0014800 Uncommon trap: reason=unstable_if action=reinterpret pc=0x00007f3fa0b1a8f4 method=java.lang.Integer.getChars(II[C)V @ 20
Event: 1.650 Thread 0x00007f3fb0014800 Uncommon trap: reason=unstable_if action=reinterpret pc=0x00007f3fa0b0d424 method=java.lang.Integer.getChars(II[C)V @ 20
Event: 1.750 Thread 0x00007f3fb0014800 Uncommon trap: reason=unstable_if action=reinterpret pc=0x00007f3fa0b1df18 method=java.lang.Integer.getChars(II[C)V @ 20
Event: 1.753 Thread 0x00007f3fb0014800 Uncommon trap: reason=unstable_if action=reinterpret pc=0x00007f3fa0b482ac method=sun.misc.FloatingDecimal$BinaryToASCIIBuffer.dtoa(IJIZ)V @ 1213
Event: 2.807 Thread 0x00007f3fb0014800 Uncommon trap: reason=unstable_if action=reinterpret pc=0x00007f3fa0b43858 method=ua.pp.msk.yum.speedup.Main.add()V @ 5

Internal exceptions (2 events):
Event: 0.072 Thread 0x00007f3fb0014800 Exception <a 'java/lang/NoSuchMethodError': Method sun.misc.Unsafe.defineClass(Ljava/lang/String;[BII)Ljava/lang/Class; name or signature does not match> (0x00000000d6f12920) thrown at [/builddir/build/BUILD/java-1.8.0-openjdk-1.8.0.45-31.b13.fc22.x86_64/
Event: 0.072 Thread 0x00007f3fb0014800 Exception <a 'java/lang/NoSuchMethodError': Method sun.misc.Unsafe.prefetchRead(Ljava/lang/Object;J)V name or signature does not match> (0x00000000d6f12bb0) thrown at [/builddir/build/BUILD/java-1.8.0-openjdk-1.8.0.45-31.b13.fc22.x86_64/jdk8/hotspot/src/s

Events (10 events):
Event: 4.604 Executing VM operation: ParallelGCFailedAllocation done
Event: 4.807 Executing VM operation: ParallelGCFailedAllocation
Event: 6.490 Executing VM operation: ParallelGCFailedAllocation done
Event: 6.680 Executing VM operation: ParallelGCFailedAllocation
Event: 10.639 Executing VM operation: ParallelGCFailedAllocation done
Event: 31.636 Executing VM operation: ParallelGCFailedAllocation
Event: 74.041 Executing VM operation: ParallelGCFailedAllocation done
Event: 74.340 Executing VM operation: ParallelGCFailedAllocation
Event: 83.945 Executing VM operation: ParallelGCFailedAllocation done
Event: 84.742 Executing VM operation: ParallelGCFailedAllocation


Dynamic libraries:
00400000-00401000 r-xp 00000000 fd:05 19015601                           /usr/lib/jvm/java-1.8.0-openjdk-1.8.0.45-31.b13.fc22.x86_64/bin/java
00600000-00601000 r--p 00000000 fd:05 19015601                           /usr/lib/jvm/java-1.8.0-openjdk-1.8.0.45-31.b13.fc22.x86_64/bin/java
00601000-00602000 rw-p 00001000 fd:05 19015601                           /usr/lib/jvm/java-1.8.0-openjdk-1.8.0.45-31.b13.fc22.x86_64/bin/java
023db000-023fc000 rw-p 00000000 00:00 0                                  [heap]
84c00000-a4e00000 rw-p 00000000 00:00 0 
aee00000-d6f00000 ---p 00000000 00:00 0 
d6f00000-f5500000 rw-p 00000000 00:00 0 
f5500000-100000000 ---p 00000000 00:00 0 
100000000-100080000 rw-p 00000000 00:00 0 
100080000-140000000 ---p 00000000 00:00 0 
7f3f54000000-7f3f54021000 rw-p 00000000 00:00 0 
7f3f54021000-7f3f58000000 ---p 00000000 00:00 0 
7f3f5c000000-7f3f5c25b000 rw-p 00000000 00:00 0 
7f3f5c25b000-7f3f60000000 ---p 00000000 00:00 0 
7f3f60000000-7f3f60021000 rw-p 00000000 00:00 0 
7f3f60021000-7f3f64000000 ---p 00000000 00:00 0 
7f3f64000000-7f3f64d98000 rw-p 00000000 00:00 0 
7f3f64d98000-7f3f68000000 ---p 00000000 00:00 0 
7f3f68000000-7f3f682d4000 rw-p 00000000 00:00 0 
7f3f682d4000-7f3f6c000000 ---p 00000000 00:00 0 
7f3f6c000000-7f3f6c021000 rw-p 00000000 00:00 0 
7f3f6c021000-7f3f70000000 ---p 00000000 00:00 0 
7f3f70000000-7f3f70021000 rw-p 00000000 00:00 0 
7f3f70021000-7f3f74000000 ---p 00000000 00:00 0 
7f3f74000000-7f3f74021000 rw-p 00000000 00:00 0 
7f3f74021000-7f3f78000000 ---p 00000000 00:00 0 
7f3f78000000-7f3f78021000 rw-p 00000000 00:00 0 
7f3f78021000-7f3f7c000000 ---p 00000000 00:00 0 
7f3f7c000000-7f3f7c021000 rw-p 00000000 00:00 0 
7f3f7c021000-7f3f80000000 ---p 00000000 00:00 0 
7f3f80000000-7f3f80021000 rw-p 00000000 00:00 0 
7f3f80021000-7f3f84000000 ---p 00000000 00:00 0 
7f3f84000000-7f3f84021000 rw-p 00000000 00:00 0 
7f3f84021000-7f3f88000000 ---p 00000000 00:00 0 
7f3f88000000-7f3f88021000 rw-p 00000000 00:00 0 
7f3f88021000-7f3f8c000000 ---p 00000000 00:00 0 
7f3f8c000000-7f3f8c60d000 rw-p 00000000 00:00 0 
7f3f8c60d000-7f3f90000000 ---p 00000000 00:00 0 
7f3f90000000-7f3f9018a000 rw-p 00000000 00:00 0 
7f3f9018a000-7f3f94000000 ---p 00000000 00:00 0 
7f3f94000000-7f3f942e7000 rw-p 00000000 00:00 0 
7f3f942e7000-7f3f98000000 ---p 00000000 00:00 0 
7f3f993cb000-7f3f993cc000 ---p 00000000 00:00 0 
7f3f993cc000-7f3f994cc000 rw-p 00000000 00:00 0                          [stack:27953]
7f3f994cc000-7f3f994cf000 ---p 00000000 00:00 0 
7f3f994cf000-7f3f995cd000 rw-p 00000000 00:00 0                          [stack:27952]
7f3f995cd000-7f3f995d0000 ---p 00000000 00:00 0 
7f3f995d0000-7f3f996ce000 rw-p 00000000 00:00 0                          [stack:27951]
7f3f996ce000-7f3f996d1000 ---p 00000000 00:00 0 
7f3f996d1000-7f3f997cf000 rw-p 00000000 00:00 0                          [stack:27950]
7f3f997cf000-7f3f997d2000 ---p 00000000 00:00 0 
7f3f997d2000-7f3f998d0000 rw-p 00000000 00:00 0                          [stack:27949]
7f3f998d0000-7f3f998d3000 ---p 00000000 00:00 0 
7f3f998d3000-7f3f999d1000 rw-p 00000000 00:00 0                          [stack:27944]
7f3f999d1000-7f3f999d4000 ---p 00000000 00:00 0 
7f3f999d4000-7f3f99ad2000 rw-p 00000000 00:00 0                          [stack:27943]
7f3f99ad2000-7f3f99ad5000 ---p 00000000 00:00 0 
7f3f99ad5000-7f3f99bd3000 rw-p 00000000 00:00 0                          [stack:27941]
7f3f99bd3000-7f3f99bd7000 r-xp 00000000 fd:05 35463177                   /usr/lib/jvm/java-1.8.0-openjdk-1.8.0.45-31.b13.fc22.x86_64/jre/lib/amd64/libdt_socket.so
7f3f99bd7000-7f3f99dd6000 ---p 00004000 fd:05 35463177                   /usr/lib/jvm/java-1.8.0-openjdk-1.8.0.45-31.b13.fc22.x86_64/jre/lib/amd64/libdt_socket.so
7f3f99dd6000-7f3f99dd7000 r--p 00003000 fd:05 35463177                   /usr/lib/jvm/java-1.8.0-openjdk-1.8.0.45-31.b13.fc22.x86_64/jre/lib/amd64/libdt_socket.so
7f3f99dd7000-7f3f99dd8000 rw-p 00004000 fd:05 35463177                   /usr/lib/jvm/java-1.8.0-openjdk-1.8.0.45-31.b13.fc22.x86_64/jre/lib/amd64/libdt_socket.so
7f3f99dd8000-7f3f99ddb000 ---p 00000000 00:00 0 
7f3f99ddb000-7f3f99ed9000 rw-p 00000000 00:00 0                          [stack:27940]
7f3f99ed9000-7f3f99edc000 ---p 00000000 00:00 0 
7f3f99edc000-7f3f99fda000 rw-p 00000000 00:00 0                          [stack:27939]
7f3f99fda000-7f3f99fdd000 ---p 00000000 00:00 0 
7f3f99fdd000-7f3f9a0db000 rw-p 00000000 00:00 0                          [stack:27938]
7f3f9a0db000-7f3f9a0dc000 ---p 00000000 00:00 0 
7f3f9a0dc000-7f3f9b16f000 rw-p 00000000 00:00 0                          [stack:27937]
7f3f9b16f000-7f3f9b33c000 r--s 043a7000 fd:05 17785772                   /usr/lib/jvm/java-1.8.0-openjdk-1.8.0.45-31.b13.fc22.x86_64/jre/lib/rt.jar
7f3f9b33c000-7f3f9b77c000 rw-p 00000000 00:00 0 
7f3f9b77c000-7f3f9bb3c000 ---p 00000000 00:00 0 
7f3f9bb3c000-7f3f9fcb6000 rw-p 00000000 00:00 0 
7f3f9fcb6000-7f3f9fcb7000 ---p 00000000 00:00 0 
7f3f9fcb7000-7f3f9fdb7000 rw-p 00000000 00:00 0                          [stack:27936]
7f3f9fdb7000-7f3f9fdb8000 ---p 00000000 00:00 0 
7f3f9fdb8000-7f3f9feb8000 rw-p 00000000 00:00 0                          [stack:27935]
7f3f9feb8000-7f3f9feb9000 ---p 00000000 00:00 0 
7f3f9feb9000-7f3fa00ba000 rw-p 00000000 00:00 0                          [stack:27934]
7f3fa00ba000-7f3fa024b000 ---p 00000000 00:00 0 
7f3fa024b000-7f3fa034c000 rw-p 00000000 00:00 0 
7f3fa034c000-7f3fa04dc000 ---p 00000000 00:00 0 
7f3fa04dc000-7f3fa05d0000 rw-p 00000000 00:00 0 
7f3fa05d0000-7f3fa0625000 ---p 00000000 00:00 0 
7f3fa0625000-7f3fa0630000 rw-p 00000000 00:00 0 
7f3fa0630000-7f3fa09e6000 ---p 00000000 00:00 0 
7f3fa09e6000-7f3fa0c56000 rwxp 00000000 00:00 0 
7f3fa0c56000-7f3faf9e6000 ---p 00000000 00:00 0 
7f3faf9e6000-7f3faf9ee000 r-xp 00000000 fd:05 35463234                   /usr/lib/jvm/java-1.8.0-openjdk-1.8.0.45-31.b13.fc22.x86_64/jre/lib/amd64/libzip.so
7f3faf9ee000-7f3fafbed000 ---p 00008000 fd:05 35463234                   /usr/lib/jvm/java-1.8.0-openjdk-1.8.0.45-31.b13.fc22.x86_64/jre/lib/amd64/libzip.so
7f3fafbed000-7f3fafbee000 r--p 00007000 fd:05 35463234                   /usr/lib/jvm/java-1.8.0-openjdk-1.8.0.45-31.b13.fc22.x86_64/jre/lib/amd64/libzip.so
7f3fafbee000-7f3fafbef000 rw-p 00008000 fd:05 35463234                   /usr/lib/jvm/java-1.8.0-openjdk-1.8.0.45-31.b13.fc22.x86_64/jre/lib/amd64/libzip.so
7f3fafbef000-7f3fafbfb000 r-xp 00000000 fd:05 33626334                   /usr/lib64/libnss_files-2.21.so
7f3fafbfb000-7f3fafdfa000 ---p 0000c000 fd:05 33626334                   /usr/lib64/libnss_files-2.21.so
7f3fafdfa000-7f3fafdfb000 r--p 0000b000 fd:05 33626334                   /usr/lib64/libnss_files-2.21.so
7f3fafdfb000-7f3fafdfc000 rw-p 0000c000 fd:05 33626334                   /usr/lib64/libnss_files-2.21.so
7f3fafdfc000-7f3fafdfe000 r-xp 00000000 fd:05 35463197                   /usr/lib/jvm/java-1.8.0-openjdk-1.8.0.45-31.b13.fc22.x86_64/jre/lib/amd64/libnpt.so
7f3fafdfe000-7f3fafffe000 ---p 00002000 fd:05 35463197                   /usr/lib/jvm/java-1.8.0-openjdk-1.8.0.45-31.b13.fc22.x86_64/jre/lib/amd64/libnpt.so
7f3fafffe000-7f3faffff000 r--p 00002000 fd:05 35463197                   /usr/lib/jvm/java-1.8.0-openjdk-1.8.0.45-31.b13.fc22.x86_64/jre/lib/amd64/libnpt.so
7f3faffff000-7f3fb0000000 rw-p 00003000 fd:05 35463197                   /usr/lib/jvm/java-1.8.0-openjdk-1.8.0.45-31.b13.fc22.x86_64/jre/lib/amd64/libnpt.so
7f3fb0000000-7f3fb0136000 rw-p 00000000 00:00 0 
7f3fb0136000-7f3fb4000000 ---p 00000000 00:00 0 
7f3fb4019000-7f3fb40dc000 rw-p 00000000 00:00 0 
7f3fb40dc000-7f3fb40dd000 ---p 00000000 00:00 0 
7f3fb40dd000-7f3fb41dd000 rw-p 00000000 00:00 0                          [stack:27933]
7f3fb41dd000-7f3fb4218000 r-xp 00000000 fd:05 35463189                   /usr/lib/jvm/java-1.8.0-openjdk-1.8.0.45-31.b13.fc22.x86_64/jre/lib/amd64/libjdwp.so
7f3fb4218000-7f3fb4417000 ---p 0003b000 fd:05 35463189                   /usr/lib/jvm/java-1.8.0-openjdk-1.8.0.45-31.b13.fc22.x86_64/jre/lib/amd64/libjdwp.so
7f3fb4417000-7f3fb4418000 r--p 0003a000 fd:05 35463189                   /usr/lib/jvm/java-1.8.0-openjdk-1.8.0.45-31.b13.fc22.x86_64/jre/lib/amd64/libjdwp.so
7f3fb4418000-7f3fb4419000 rw-p 0003b000 fd:05 35463189                   /usr/lib/jvm/java-1.8.0-openjdk-1.8.0.45-31.b13.fc22.x86_64/jre/lib/amd64/libjdwp.so
7f3fb4419000-7f3fb4447000 r-xp 00000000 fd:05 35463185                   /usr/lib/jvm/java-1.8.0-openjdk-1.8.0.45-31.b13.fc22.x86_64/jre/lib/amd64/libjava.so
7f3fb4447000-7f3fb4646000 ---p 0002e000 fd:05 35463185                   /usr/lib/jvm/java-1.8.0-openjdk-1.8.0.45-31.b13.fc22.x86_64/jre/lib/amd64/libjava.so
7f3fb4646000-7f3fb4647000 r--p 0002d000 fd:05 35463185                   /usr/lib/jvm/java-1.8.0-openjdk-1.8.0.45-31.b13.fc22.x86_64/jre/lib/amd64/libjava.so
7f3fb4647000-7f3fb4649000 rw-p 0002e000 fd:05 35463185                   /usr/lib/jvm/java-1.8.0-openjdk-1.8.0.45-31.b13.fc22.x86_64/jre/lib/amd64/libjava.so
7f3fb4649000-7f3fb4656000 r-xp 00000000 fd:05 35463233                   /usr/lib/jvm/java-1.8.0-openjdk-1.8.0.45-31.b13.fc22.x86_64/jre/lib/amd64/libverify.so
7f3fb4656000-7f3fb4855000 ---p 0000d000 fd:05 35463233                   /usr/lib/jvm/java-1.8.0-openjdk-1.8.0.45-31.b13.fc22.x86_64/jre/lib/amd64/libverify.so
7f3fb4855000-7f3fb4857000 r--p 0000c000 fd:05 35463233                   /usr/lib/jvm/java-1.8.0-openjdk-1.8.0.45-31.b13.fc22.x86_64/jre/lib/amd64/libverify.so
7f3fb4857000-7f3fb4858000 rw-p 0000e000 fd:05 35463233                   /usr/lib/jvm/java-1.8.0-openjdk-1.8.0.45-31.b13.fc22.x86_64/jre/lib/amd64/libverify.so
7f3fb4858000-7f3fb485f000 r-xp 00000000 fd:05 33626346                   /usr/lib64/librt-2.21.so
7f3fb485f000-7f3fb4a5e000 ---p 00007000 fd:05 33626346                   /usr/lib64/librt-2.21.so
7f3fb4a5e000-7f3fb4a5f000 r--p 00006000 fd:05 33626346                   /usr/lib64/librt-2.21.so
7f3fb4a5f000-7f3fb4a60000 rw-p 00007000 fd:05 33626346                   /usr/lib64/librt-2.21.so
7f3fb4a60000-7f3fb4a76000 r-xp 00000000 fd:05 36037448                   /usr/lib64/libgcc_s-5.1.1-20150422.so.1
7f3fb4a76000-7f3fb4c75000 ---p 00016000 fd:05 36037448                   /usr/lib64/libgcc_s-5.1.1-20150422.so.1
7f3fb4c75000-7f3fb4c76000 r--p 00015000 fd:05 36037448                   /usr/lib64/libgcc_s-5.1.1-20150422.so.1
7f3fb4c76000-7f3fb4c77000 rw-p 00016000 fd:05 36037448                   /usr/lib64/libgcc_s-5.1.1-20150422.so.1
7f3fb4c77000-7f3fb4d7e000 r-xp 00000000 fd:05 33626324                   /usr/lib64/libm-2.21.so
7f3fb4d7e000-7f3fb4f7d000 ---p 00107000 fd:05 33626324                   /usr/lib64/libm-2.21.so
7f3fb4f7d000-7f3fb4f7e000 r--p 00106000 fd:05 33626324                   /usr/lib64/libm-2.21.so
7f3fb4f7e000-7f3fb4f7f000 rw-p 00107000 fd:05 33626324                   /usr/lib64/libm-2.21.so
7f3fb4f7f000-7f3fb50f1000 r-xp 00000000 fd:05 33595594                   /usr/lib64/libstdc++.so.6.0.21
7f3fb50f1000-7f3fb52f1000 ---p 00172000 fd:05 33595594                   /usr/lib64/libstdc++.so.6.0.21
7f3fb52f1000-7f3fb52fb000 r--p 00172000 fd:05 33595594                   /usr/lib64/libstdc++.so.6.0.21
7f3fb52fb000-7f3fb52fd000 rw-p 0017c000 fd:05 33595594                   /usr/lib64/libstdc++.so.6.0.21
7f3fb52fd000-7f3fb5301000 rw-p 00000000 00:00 0 
7f3fb5301000-7f3fb5ef3000 r-xp 00000000 fd:05 17779311                   /usr/lib/jvm/java-1.8.0-openjdk-1.8.0.45-31.b13.fc22.x86_64/jre/lib/amd64/server/libjvm.so
7f3fb5ef3000-7f3fb60f2000 ---p 00bf2000 fd:05 17779311                   /usr/lib/jvm/java-1.8.0-openjdk-1.8.0.45-31.b13.fc22.x86_64/jre/lib/amd64/server/libjvm.so
7f3fb60f2000-7f3fb6185000 r--p 00bf1000 fd:05 17779311                   /usr/lib/jvm/java-1.8.0-openjdk-1.8.0.45-31.b13.fc22.x86_64/jre/lib/amd64/server/libjvm.so
7f3fb6185000-7f3fb61ad000 rw-p 00c84000 fd:05 17779311                   /usr/lib/jvm/java-1.8.0-openjdk-1.8.0.45-31.b13.fc22.x86_64/jre/lib/amd64/server/libjvm.so
7f3fb61ad000-7f3fb61dc000 rw-p 00000000 00:00 0 
7f3fb61dc000-7f3fb6392000 r-xp 00000000 fd:05 33626316                   /usr/lib64/libc-2.21.so
7f3fb6392000-7f3fb6592000 ---p 001b6000 fd:05 33626316                   /usr/lib64/libc-2.21.so
7f3fb6592000-7f3fb6596000 r--p 001b6000 fd:05 33626316                   /usr/lib64/libc-2.21.so
7f3fb6596000-7f3fb6598000 rw-p 001ba000 fd:05 33626316                   /usr/lib64/libc-2.21.so
7f3fb6598000-7f3fb659c000 rw-p 00000000 00:00 0 
7f3fb659c000-7f3fb659f000 r-xp 00000000 fd:05 33626322                   /usr/lib64/libdl-2.21.so
7f3fb659f000-7f3fb679e000 ---p 00003000 fd:05 33626322                   /usr/lib64/libdl-2.21.so
7f3fb679e000-7f3fb679f000 r--p 00002000 fd:05 33626322                   /usr/lib64/libdl-2.21.so
7f3fb679f000-7f3fb67a0000 rw-p 00003000 fd:05 33626322                   /usr/lib64/libdl-2.21.so
7f3fb67a0000-7f3fb67ad000 r-xp 00000000 fd:05 38454400                   /usr/lib/jvm/java-1.8.0-openjdk-1.8.0.45-31.b13.fc22.x86_64/lib/amd64/jli/libjli.so
7f3fb67ad000-7f3fb69ad000 ---p 0000d000 fd:05 38454400                   /usr/lib/jvm/java-1.8.0-openjdk-1.8.0.45-31.b13.fc22.x86_64/lib/amd64/jli/libjli.so
7f3fb69ad000-7f3fb69ae000 r--p 0000d000 fd:05 38454400                   /usr/lib/jvm/java-1.8.0-openjdk-1.8.0.45-31.b13.fc22.x86_64/lib/amd64/jli/libjli.so
7f3fb69ae000-7f3fb69af000 rw-p 0000e000 fd:05 38454400                   /usr/lib/jvm/java-1.8.0-openjdk-1.8.0.45-31.b13.fc22.x86_64/lib/amd64/jli/libjli.so
7f3fb69af000-7f3fb69c4000 r-xp 00000000 fd:05 33637238                   /usr/lib64/libz.so.1.2.8
7f3fb69c4000-7f3fb6bc3000 ---p 00015000 fd:05 33637238                   /usr/lib64/libz.so.1.2.8
7f3fb6bc3000-7f3fb6bc4000 r--p 00014000 fd:05 33637238                   /usr/lib64/libz.so.1.2.8
7f3fb6bc4000-7f3fb6bc5000 rw-p 00015000 fd:05 33637238                   /usr/lib64/libz.so.1.2.8
7f3fb6bc5000-7f3fb6bdc000 r-xp 00000000 fd:05 33626342                   /usr/lib64/libpthread-2.21.so
7f3fb6bdc000-7f3fb6ddb000 ---p 00017000 fd:05 33626342                   /usr/lib64/libpthread-2.21.so
7f3fb6ddb000-7f3fb6ddc000 r--p 00016000 fd:05 33626342                   /usr/lib64/libpthread-2.21.so
7f3fb6ddc000-7f3fb6ddd000 rw-p 00017000 fd:05 33626342                   /usr/lib64/libpthread-2.21.so
7f3fb6ddd000-7f3fb6de1000 rw-p 00000000 00:00 0 
7f3fb6de1000-7f3fb6e02000 r-xp 00000000 fd:05 33626309                   /usr/lib64/ld-2.21.so
7f3fb6e14000-7f3fb6edf000 rw-p 00000000 00:00 0 
7f3fb6edf000-7f3fb6ee2000 ---p 00000000 00:00 0 
7f3fb6ee2000-7f3fb6fe5000 rw-p 00000000 00:00 0                          [stack:27932]
7f3fb6fee000-7f3fb6fef000 rw-p 00000000 00:00 0 
7f3fb6fef000-7f3fb6ff7000 rw-s 00000000 fd:07 2097401                    /tmp/hsperfdata_maskimko/27928
7f3fb6ff7000-7f3fb6ffe000 r--s 00000000 fd:05 4720                       /usr/lib64/gconv/gconv-modules.cache
7f3fb6ffe000-7f3fb6fff000 rw-p 00000000 00:00 0 
7f3fb6fff000-7f3fb7000000 ---p 00000000 00:00 0 
7f3fb7000000-7f3fb7001000 rw-p 00000000 00:00 0 
7f3fb7001000-7f3fb7002000 r--p 00020000 fd:05 33626309                   /usr/lib64/ld-2.21.so
7f3fb7002000-7f3fb7003000 rw-p 00021000 fd:05 33626309                   /usr/lib64/ld-2.21.so
7f3fb7003000-7f3fb7004000 rw-p 00000000 00:00 0 
7fff3c6f9000-7fff3c71a000 rw-p 00000000 00:00 0                          [stack]
7fff3c79f000-7fff3c7a1000 r--p 00000000 00:00 0                          [vvar]
7fff3c7a1000-7fff3c7a3000 r-xp 00000000 00:00 0                          [vdso]
ffffffffff600000-ffffffffff601000 r-xp 00000000 00:00 0                  [vsyscall]

VM Arguments:
jvm_args: -Xdebug -Xrunjdwp:transport=dt_socket,server=n,address=45325 
java_command: ua.pp.msk.yum.speedup.Main
java_class_path (initial): /home/maskimko/NetBeansProjects/xmlLearn/RpmRepo/SpeedUp/target/classes:/home/maskimko/.m2/repository/org/slf4j/slf4j-api/1.7.10/slf4j-api-1.7.10.jar
Launcher Type: SUN_STANDARD

Environment Variables:
JAVA_HOME=/usr/lib/jvm/java
PATH=/usr/lib64/qt-3.3/bin:/usr/local/bin:/usr/local/sbin:/usr/bin:/usr/sbin:/bin:/sbin:/home/maskimko/.local/bin:/home/maskimko/bin
USERNAME=maskimko
LD_LIBRARY_PATH=/usr/lib/jvm/java/jre/lib/amd64:/usr/lib/jvm/java/jre/lib/i386:
SHELL=/bin/bash
DISPLAY=:0

Signal Handlers:
SIGSEGV: [libjvm.so+0xa0dc20], sa_mask[0]=11111111011111111101111111111110, sa_flags=SA_RESTART|SA_SIGINFO
SIGBUS: [libjvm.so+0xa0dc20], sa_mask[0]=11111111011111111101111111111110, sa_flags=SA_RESTART|SA_SIGINFO
SIGFPE: [libjvm.so+0x869580], sa_mask[0]=11111111011111111101111111111110, sa_flags=SA_RESTART|SA_SIGINFO
SIGPIPE: [libjvm.so+0x869580], sa_mask[0]=11111111011111111101111111111110, sa_flags=SA_RESTART|SA_SIGINFO
SIGXFSZ: [libjvm.so+0x869580], sa_mask[0]=11111111011111111101111111111110, sa_flags=SA_RESTART|SA_SIGINFO
SIGILL: [libjvm.so+0x869580], sa_mask[0]=11111111011111111101111111111110, sa_flags=SA_RESTART|SA_SIGINFO
SIGUSR1: SIG_DFL, sa_mask[0]=00000000000000000000000000000000, sa_flags=none
SIGUSR2: [libjvm.so+0x869430], sa_mask[0]=00100000000000000000000000000000, sa_flags=SA_RESTART|SA_SIGINFO
SIGHUP: [libjvm.so+0x869640], sa_mask[0]=11111111011111111101111111111110, sa_flags=SA_RESTART|SA_SIGINFO
SIGINT: SIG_IGN, sa_mask[0]=00000000000000000000000000000000, sa_flags=none
SIGTERM: [libjvm.so+0x869640], sa_mask[0]=11111111011111111101111111111110, sa_flags=SA_RESTART|SA_SIGINFO
SIGQUIT: [libjvm.so+0x869640], sa_mask[0]=11111111011111111101111111111110, sa_flags=SA_RESTART|SA_SIGINFO


---------------  S Y S T E M  ---------------

OS:Fedora release 22 (Twenty Two)

uname:Linux 4.0.0-1.fc22.x86_64 #1 SMP Mon Apr 13 10:03:33 UTC 2015 x86_64
libc:glibc 2.21 NPTL 2.21 
rlimit: STACK 8192k, CORE 0k, NPROC 4096, NOFILE 4096, AS infinity
load average:42.85 15.14 7.95

/proc/meminfo:
MemTotal:        8072128 kB
MemFree:          123820 kB
MemAvailable:      79204 kB
Buffers:              72 kB
Cached:           261804 kB
SwapCached:         3576 kB
Active:          6485856 kB
Inactive:        1133720 kB
Active(anon):    6481544 kB
Inactive(anon):  1122312 kB
Active(file):       4312 kB
Inactive(file):    11408 kB
Unevictable:        1232 kB
Mlocked:            1232 kB
SwapTotal:       2097148 kB
SwapFree:             12 kB
Dirty:                64 kB
Writeback:          1588 kB
AnonPages:       7357172 kB
Mapped:            65860 kB
Shmem:            244936 kB
Slab:             143512 kB
SReclaimable:      63984 kB
SUnreclaim:        79528 kB
KernelStack:       16592 kB
PageTables:        79112 kB
NFS_Unstable:          0 kB
Bounce:                0 kB
WritebackTmp:          0 kB
CommitLimit:     6133212 kB
Committed_AS:   16493888 kB
VmallocTotal:   34359738367 kB
VmallocUsed:      590900 kB
VmallocChunk:   34359060052 kB
HardwareCorrupted:     0 kB
AnonHugePages:         0 kB
HugePages_Total:       0
HugePages_Free:        0
HugePages_Rsvd:        0
HugePages_Surp:        0
Hugepagesize:       2048 kB
DirectMap4k:      359164 kB
DirectMap2M:     7925760 kB


CPU:total 4 (2 cores per cpu, 2 threads per core) family 6 model 58 stepping 9, cmov, cx8, fxsr, mmx, sse, sse2, sse3, ssse3, sse4.1, sse4.2, popcnt, avx, aes, clmul, erms, ht, tsc, tscinvbit, tscinv

/proc/cpuinfo:
processor	: 0
vendor_id	: GenuineIntel
cpu family	: 6
model		: 58
model name	: Intel(R) Core(TM) i5-3230M CPU @ 2.60GHz
stepping	: 9
microcode	: 0x17
cpu MHz		: 1256.429
cache size	: 3072 KB
physical id	: 0
siblings	: 4
core id		: 0
cpu cores	: 2
apicid		: 0
initial apicid	: 0
fpu		: yes
fpu_exception	: yes
cpuid level	: 13
wp		: yes
flags		: fpu vme de pse tsc msr pae mce cx8 apic sep mtrr pge mca cmov pat pse36 clflush dts acpi mmx fxsr sse sse2 ss ht tm pbe syscall nx rdtscp lm constant_tsc arch_perfmon pebs bts rep_good nopl xtopology nonstop_tsc aperfmperf eagerfpu pni pclmulqdq dtes64 monitor ds_cpl vmx est tm2 ssse3 cx16 xtpr pdcm pcid sse4_1 sse4_2 x2apic popcnt tsc_deadline_timer aes xsave avx f16c rdrand lahf_lm ida arat epb pln pts dtherm tpr_shadow vnmi flexpriority ept vpid fsgsbase smep erms xsaveopt
bugs		:
bogomips	: 5188.10
clflush size	: 64
cache_alignment	: 64
address sizes	: 36 bits physical, 48 bits virtual
power management:

processor	: 1
vendor_id	: GenuineIntel
cpu family	: 6
model		: 58
model name	: Intel(R) Core(TM) i5-3230M CPU @ 2.60GHz
stepping	: 9
microcode	: 0x17
cpu MHz		: 1205.445
cache size	: 3072 KB
physical id	: 0
siblings	: 4
core id		: 0
cpu cores	: 2
apicid		: 1
initial apicid	: 1
fpu		: yes
fpu_exception	: yes
cpuid level	: 13
wp		: yes
flags		: fpu vme de pse tsc msr pae mce cx8 apic sep mtrr pge mca cmov pat pse36 clflush dts acpi mmx fxsr sse sse2 ss ht tm pbe syscall nx rdtscp lm constant_tsc arch_perfmon pebs bts rep_good nopl xtopology nonstop_tsc aperfmperf eagerfpu pni pclmulqdq dtes64 monitor ds_cpl vmx est tm2 ssse3 cx16 xtpr pdcm pcid sse4_1 sse4_2 x2apic popcnt tsc_deadline_timer aes xsave avx f16c rdrand lahf_lm ida arat epb pln pts dtherm tpr_shadow vnmi flexpriority ept vpid fsgsbase smep erms xsaveopt
bugs		:
bogomips	: 5188.10
clflush size	: 64
cache_alignment	: 64
address sizes	: 36 bits physical, 48 bits virtual
power management:

processor	: 2
vendor_id	: GenuineIntel
cpu family	: 6
model		: 58
model name	: Intel(R) Core(TM) i5-3230M CPU @ 2.60GHz
stepping	: 9
microcode	: 0x17
cpu MHz		: 1288.828
cache size	: 3072 KB
physical id	: 0
siblings	: 4
core id		: 1
cpu cores	: 2
apicid		: 2
initial apicid	: 2
fpu		: yes
fpu_exception	: yes
cpuid level	: 13
wp		: yes
flags		: fpu vme de pse tsc msr pae mce cx8 apic sep mtrr pge mca cmov pat pse36 clflush dts acpi mmx fxsr sse sse2 ss ht tm pbe syscall nx rdtscp lm constant_tsc arch_perfmon pebs bts rep_good nopl xtopology nonstop_tsc aperfmperf eagerfpu pni pclmulqdq dtes64 monitor ds_cpl vmx est tm2 ssse3 cx16 xtpr pdcm pcid sse4_1 sse4_2 x2apic popcnt tsc_deadline_timer aes xsave avx f16c rdrand lahf_lm ida arat epb pln pts dtherm tpr_shadow vnmi flexpriority ept vpid fsgsbase smep erms xsaveopt
bugs		:
bogomips	: 5188.10
clflush size	: 64
cache_alignment	: 64
address sizes	: 36 bits physical, 48 bits virtual
power management:

processor	: 3
vendor_id	: GenuineIntel
cpu family	: 6
model		: 58
model name	: Intel(R) Core(TM) i5-3230M CPU @ 2.60GHz
stepping	: 9
microcode	: 0x17
cpu MHz		: 1199.960
cache size	: 3072 KB
physical id	: 0
siblings	: 4
core id		: 1
cpu cores	: 2
apicid		: 3
initial apicid	: 3
fpu		: yes
fpu_exception	: yes
cpuid level	: 13
wp		: yes
flags		: fpu vme de pse tsc msr pae mce cx8 apic sep mtrr pge mca cmov pat pse36 clflush dts acpi mmx fxsr sse sse2 ss ht tm pbe syscall nx rdtscp lm constant_tsc arch_perfmon pebs bts rep_good nopl xtopology nonstop_tsc aperfmperf eagerfpu pni pclmulqdq dtes64 monitor ds_cpl vmx est tm2 ssse3 cx16 xtpr pdcm pcid sse4_1 sse4_2 x2apic popcnt tsc_deadline_timer aes xsave avx f16c rdrand lahf_lm ida arat epb pln pts dtherm tpr_shadow vnmi flexpriority ept vpid fsgsbase smep erms xsaveopt
bugs		:
bogomips	: 5188.10
clflush size	: 64
cache_alignment	: 64
address sizes	: 36 bits physical, 48 bits virtual
power management:



Memory: 4k page, physical 8072128k(123076k free), swap 2097148k(12k free)

vm_info: OpenJDK 64-Bit Server VM (25.45-b02) for linux-amd64 JRE (1.8.0_45-b13), built on Apr 15 2015 07:20:09 by "mockbuild" with gcc 5.0.0 20150319 (Red Hat 5.0.0-0.21)

time: Thu Apr 30 16:18:56 2015
elapsed time: 129 seconds (0d 0h 2m 9s)

